<?xml version="1.0" encoding="UTF-8"?>
<!-- Generated by org.testng.reporters.JUnitReportReporter -->
<testsuite skipped="0" hostname="IN2070121W2" name="com.crossover.e2e.GMailTest" tests="2" failures="0" timestamp="29 Aug 2018 10:45:31 GMT" time="13.659" errors="0">
  <testcase name="testSendEmail" time="12.481" classname="com.crossover.e2e.GMailTest"/>
  <testcase name="verifyMail" time="1.178" classname="com.crossover.e2e.GMailTest"/>
</testsuite> <!-- com.crossover.e2e.GMailTest -->
